batch_size: 25, filter_sizes: [1, 2, 3, 5], num_filters: 36
results/hyperparameters/hp1/
fold: 1
train loss 0.331, val loss 0.246, val accuracy 0.910, and val rmse 0.850
train loss 0.111, val loss 0.064, val accuracy 0.979, and val rmse 0.272
train loss 0.095, val loss 0.051, val accuracy 0.980, and val rmse 0.236
train loss 0.088, val loss 0.052, val accuracy 0.982, and val rmse 0.271
train loss 0.067, val loss 0.048, val accuracy 0.984, and val rmse 0.201
train loss 0.072, val loss 0.031, val accuracy 0.990, and val rmse 0.138
train loss 0.061, val loss 0.038, val accuracy 0.986, and val rmse 0.198
train loss 0.076, val loss 0.035, val accuracy 0.987, and val rmse 0.192
train loss 0.069, val loss 0.030, val accuracy 0.989, and val rmse 0.158
train loss 0.067, val loss 0.031, val accuracy 0.988, and val rmse 0.167
fold: 2
train loss 0.060, val loss 0.031, val accuracy 0.989, and val rmse 0.127
train loss 0.062, val loss 0.030, val accuracy 0.990, and val rmse 0.136
train loss 0.060, val loss 0.025, val accuracy 0.991, and val rmse 0.125
train loss 0.060, val loss 0.030, val accuracy 0.989, and val rmse 0.138
train loss 0.064, val loss 0.029, val accuracy 0.990, and val rmse 0.137
train loss 0.072, val loss 0.032, val accuracy 0.988, and val rmse 0.147
train loss 0.071, val loss 0.037, val accuracy 0.986, and val rmse 0.160
train loss 0.054, val loss 0.023, val accuracy 0.991, and val rmse 0.112
train loss 0.063, val loss 0.026, val accuracy 0.991, and val rmse 0.119
train loss 0.065, val loss 0.026, val accuracy 0.989, and val rmse 0.146
fold: 3
train loss 0.056, val loss 0.022, val accuracy 0.992, and val rmse 0.103
train loss 0.059, val loss 0.024, val accuracy 0.990, and val rmse 0.135
train loss 0.049, val loss 0.026, val accuracy 0.991, and val rmse 0.117
train loss 0.057, val loss 0.026, val accuracy 0.991, and val rmse 0.125
train loss 0.047, val loss 0.023, val accuracy 0.992, and val rmse 0.107
train loss 0.066, val loss 0.027, val accuracy 0.990, and val rmse 0.131
train loss 0.059, val loss 0.021, val accuracy 0.991, and val rmse 0.119
train loss 0.054, val loss 0.023, val accuracy 0.991, and val rmse 0.123
train loss 0.052, val loss 0.023, val accuracy 0.992, and val rmse 0.113
train loss 0.050, val loss 0.028, val accuracy 0.990, and val rmse 0.137
fold: 4
train loss 0.058, val loss 0.027, val accuracy 0.991, and val rmse 0.122
train loss 0.059, val loss 0.033, val accuracy 0.989, and val rmse 0.142
train loss 0.052, val loss 0.027, val accuracy 0.991, and val rmse 0.119
train loss 0.051, val loss 0.026, val accuracy 0.991, and val rmse 0.122
train loss 0.056, val loss 0.024, val accuracy 0.991, and val rmse 0.126
train loss 0.059, val loss 0.024, val accuracy 0.991, and val rmse 0.123
train loss 0.051, val loss 0.023, val accuracy 0.991, and val rmse 0.121
train loss 0.056, val loss 0.029, val accuracy 0.990, and val rmse 0.143
train loss 0.068, val loss 0.027, val accuracy 0.990, and val rmse 0.139
train loss 0.060, val loss 0.027, val accuracy 0.990, and val rmse 0.130
fold: 5
train loss 0.067, val loss 0.031, val accuracy 0.989, and val rmse 0.148
train loss 0.063, val loss 0.031, val accuracy 0.989, and val rmse 0.142
train loss 0.054, val loss 0.026, val accuracy 0.989, and val rmse 0.136
train loss 0.057, val loss 0.031, val accuracy 0.989, and val rmse 0.127
train loss 0.060, val loss 0.022, val accuracy 0.992, and val rmse 0.120
train loss 0.057, val loss 0.018, val accuracy 0.992, and val rmse 0.106
train loss 0.067, val loss 0.038, val accuracy 0.989, and val rmse 0.139
train loss 0.053, val loss 0.022, val accuracy 0.991, and val rmse 0.134
train loss 0.055, val loss 0.026, val accuracy 0.990, and val rmse 0.143
train loss 0.068, val loss 0.025, val accuracy 0.991, and val rmse 0.117
fold: 6
train loss 0.053, val loss 0.026, val accuracy 0.991, and val rmse 0.123
train loss 0.055, val loss 0.024, val accuracy 0.990, and val rmse 0.132
train loss 0.052, val loss 0.020, val accuracy 0.991, and val rmse 0.112
train loss 0.056, val loss 0.029, val accuracy 0.987, and val rmse 0.171
train loss 0.045, val loss 0.019, val accuracy 0.991, and val rmse 0.121
train loss 0.054, val loss 0.026, val accuracy 0.991, and val rmse 0.127
train loss 0.067, val loss 0.026, val accuracy 0.989, and val rmse 0.141
train loss 0.056, val loss 0.024, val accuracy 0.990, and val rmse 0.131
train loss 0.048, val loss 0.024, val accuracy 0.990, and val rmse 0.138
train loss 0.066, val loss 0.028, val accuracy 0.991, and val rmse 0.125
fold: 7
train loss 0.058, val loss 0.021, val accuracy 0.991, and val rmse 0.130
train loss 0.065, val loss 0.026, val accuracy 0.991, and val rmse 0.106
train loss 0.045, val loss 0.023, val accuracy 0.991, and val rmse 0.124
train loss 0.063, val loss 0.022, val accuracy 0.991, and val rmse 0.119
train loss 0.058, val loss 0.030, val accuracy 0.989, and val rmse 0.140
train loss 0.068, val loss 0.031, val accuracy 0.988, and val rmse 0.166
train loss 0.059, val loss 0.027, val accuracy 0.990, and val rmse 0.141
train loss 0.047, val loss 0.021, val accuracy 0.992, and val rmse 0.117
train loss 0.051, val loss 0.024, val accuracy 0.990, and val rmse 0.121
train loss 0.051, val loss 0.029, val accuracy 0.990, and val rmse 0.141
fold: 8
train loss 0.062, val loss 0.021, val accuracy 0.992, and val rmse 0.117
train loss 0.068, val loss 0.027, val accuracy 0.991, and val rmse 0.123
train loss 0.063, val loss 0.023, val accuracy 0.991, and val rmse 0.125
train loss 0.063, val loss 0.026, val accuracy 0.990, and val rmse 0.125
train loss 0.052, val loss 0.022, val accuracy 0.991, and val rmse 0.123
train loss 0.055, val loss 0.028, val accuracy 0.989, and val rmse 0.155
train loss 0.062, val loss 0.036, val accuracy 0.989, and val rmse 0.151
train loss 0.054, val loss 0.027, val accuracy 0.990, and val rmse 0.140
train loss 0.070, val loss 0.021, val accuracy 0.991, and val rmse 0.125
train loss 0.062, val loss 0.024, val accuracy 0.990, and val rmse 0.131
fold: 9
train loss 0.058, val loss 0.023, val accuracy 0.990, and val rmse 0.120
train loss 0.056, val loss 0.024, val accuracy 0.990, and val rmse 0.139
train loss 0.047, val loss 0.021, val accuracy 0.991, and val rmse 0.128
train loss 0.049, val loss 0.022, val accuracy 0.992, and val rmse 0.113
train loss 0.052, val loss 0.022, val accuracy 0.992, and val rmse 0.111
train loss 0.064, val loss 0.033, val accuracy 0.990, and val rmse 0.131
train loss 0.059, val loss 0.024, val accuracy 0.992, and val rmse 0.110
train loss 0.052, val loss 0.029, val accuracy 0.989, and val rmse 0.158
train loss 0.044, val loss 0.022, val accuracy 0.992, and val rmse 0.108
train loss 0.045, val loss 0.022, val accuracy 0.991, and val rmse 0.128
fold: 10
train loss 0.060, val loss 0.020, val accuracy 0.991, and val rmse 0.116
train loss 0.067, val loss 0.022, val accuracy 0.991, and val rmse 0.126
train loss 0.055, val loss 0.019, val accuracy 0.992, and val rmse 0.116
train loss 0.062, val loss 0.038, val accuracy 0.990, and val rmse 0.150
train loss 0.060, val loss 0.021, val accuracy 0.992, and val rmse 0.110
train loss 0.052, val loss 0.019, val accuracy 0.991, and val rmse 0.129
train loss 0.050, val loss 0.025, val accuracy 0.991, and val rmse 0.121
train loss 0.046, val loss 0.024, val accuracy 0.992, and val rmse 0.116
train loss 0.059, val loss 0.023, val accuracy 0.990, and val rmse 0.131
train loss 0.079, val loss 0.024, val accuracy 0.991, and val rmse 0.129
nakon svih foldova: train loss 0.054, val loss 0.019, val accuracy 0.992, and val rmse 0.110
batch_size: 50, filter_sizes: [1, 2, 3, 5], num_filters: 36
results/hyperparameters/hp2/
fold: 1
train loss 0.346, val loss 0.253, val accuracy 0.911, and val rmse 0.888
train loss 0.091, val loss 0.048, val accuracy 0.983, and val rmse 0.297
train loss 0.082, val loss 0.033, val accuracy 0.988, and val rmse 0.214
train loss 0.072, val loss 0.031, val accuracy 0.990, and val rmse 0.191
train loss 0.062, val loss 0.031, val accuracy 0.991, and val rmse 0.169
train loss 0.060, val loss 0.025, val accuracy 0.991, and val rmse 0.162
train loss 0.062, val loss 0.022, val accuracy 0.992, and val rmse 0.137
train loss 0.055, val loss 0.022, val accuracy 0.992, and val rmse 0.135
train loss 0.049, val loss 0.019, val accuracy 0.993, and val rmse 0.124
train loss 0.061, val loss 0.027, val accuracy 0.991, and val rmse 0.155
fold: 2
train loss 0.050, val loss 0.024, val accuracy 0.991, and val rmse 0.150
train loss 0.050, val loss 0.016, val accuracy 0.993, and val rmse 0.119
train loss 0.051, val loss 0.024, val accuracy 0.991, and val rmse 0.141
train loss 0.050, val loss 0.017, val accuracy 0.993, and val rmse 0.128
train loss 0.041, val loss 0.020, val accuracy 0.993, and val rmse 0.137
train loss 0.042, val loss 0.017, val accuracy 0.994, and val rmse 0.117
train loss 0.050, val loss 0.018, val accuracy 0.993, and val rmse 0.129
train loss 0.042, val loss 0.016, val accuracy 0.993, and val rmse 0.123
train loss 0.045, val loss 0.018, val accuracy 0.992, and val rmse 0.144
train loss 0.041, val loss 0.014, val accuracy 0.993, and val rmse 0.122
fold: 3
train loss 0.044, val loss 0.015, val accuracy 0.994, and val rmse 0.126
train loss 0.053, val loss 0.019, val accuracy 0.993, and val rmse 0.141
train loss 0.050, val loss 0.021, val accuracy 0.992, and val rmse 0.137
train loss 0.031, val loss 0.019, val accuracy 0.993, and val rmse 0.130
train loss 0.043, val loss 0.019, val accuracy 0.992, and val rmse 0.136
train loss 0.046, val loss 0.016, val accuracy 0.993, and val rmse 0.136
train loss 0.046, val loss 0.014, val accuracy 0.994, and val rmse 0.108
train loss 0.042, val loss 0.015, val accuracy 0.993, and val rmse 0.108
train loss 0.045, val loss 0.018, val accuracy 0.992, and val rmse 0.127
train loss 0.046, val loss 0.015, val accuracy 0.994, and val rmse 0.114
fold: 4
train loss 0.037, val loss 0.019, val accuracy 0.992, and val rmse 0.133
train loss 0.043, val loss 0.015, val accuracy 0.993, and val rmse 0.133
train loss 0.039, val loss 0.014, val accuracy 0.994, and val rmse 0.105
train loss 0.042, val loss 0.016, val accuracy 0.994, and val rmse 0.116
train loss 0.044, val loss 0.018, val accuracy 0.993, and val rmse 0.144
train loss 0.043, val loss 0.014, val accuracy 0.994, and val rmse 0.107
train loss 0.034, val loss 0.015, val accuracy 0.994, and val rmse 0.109
train loss 0.046, val loss 0.020, val accuracy 0.992, and val rmse 0.143
train loss 0.030, val loss 0.016, val accuracy 0.993, and val rmse 0.123
train loss 0.039, val loss 0.014, val accuracy 0.993, and val rmse 0.114
fold: 5
train loss 0.044, val loss 0.014, val accuracy 0.993, and val rmse 0.126
train loss 0.032, val loss 0.017, val accuracy 0.993, and val rmse 0.136
train loss 0.038, val loss 0.017, val accuracy 0.994, and val rmse 0.114
train loss 0.046, val loss 0.019, val accuracy 0.992, and val rmse 0.148
train loss 0.040, val loss 0.024, val accuracy 0.991, and val rmse 0.163
train loss 0.038, val loss 0.014, val accuracy 0.995, and val rmse 0.104
train loss 0.040, val loss 0.015, val accuracy 0.993, and val rmse 0.137
train loss 0.035, val loss 0.017, val accuracy 0.993, and val rmse 0.126
train loss 0.043, val loss 0.018, val accuracy 0.993, and val rmse 0.129
train loss 0.048, val loss 0.015, val accuracy 0.993, and val rmse 0.137
fold: 6
train loss 0.041, val loss 0.015, val accuracy 0.993, and val rmse 0.133
train loss 0.049, val loss 0.013, val accuracy 0.994, and val rmse 0.099
train loss 0.034, val loss 0.012, val accuracy 0.995, and val rmse 0.099
train loss 0.032, val loss 0.016, val accuracy 0.993, and val rmse 0.131
train loss 0.036, val loss 0.013, val accuracy 0.994, and val rmse 0.111
train loss 0.051, val loss 0.016, val accuracy 0.993, and val rmse 0.123
train loss 0.040, val loss 0.015, val accuracy 0.994, and val rmse 0.118
train loss 0.033, val loss 0.013, val accuracy 0.994, and val rmse 0.110
train loss 0.044, val loss 0.017, val accuracy 0.992, and val rmse 0.141
train loss 0.037, val loss 0.013, val accuracy 0.994, and val rmse 0.105
fold: 7
train loss 0.041, val loss 0.014, val accuracy 0.994, and val rmse 0.099
train loss 0.027, val loss 0.014, val accuracy 0.993, and val rmse 0.114
train loss 0.042, val loss 0.017, val accuracy 0.993, and val rmse 0.116
train loss 0.034, val loss 0.015, val accuracy 0.993, and val rmse 0.145
train loss 0.037, val loss 0.013, val accuracy 0.994, and val rmse 0.111
train loss 0.043, val loss 0.018, val accuracy 0.992, and val rmse 0.137
train loss 0.036, val loss 0.015, val accuracy 0.993, and val rmse 0.125
train loss 0.035, val loss 0.016, val accuracy 0.993, and val rmse 0.130
train loss 0.040, val loss 0.015, val accuracy 0.993, and val rmse 0.118
train loss 0.034, val loss 0.015, val accuracy 0.993, and val rmse 0.122
fold: 8
train loss 0.032, val loss 0.015, val accuracy 0.994, and val rmse 0.105
train loss 0.033, val loss 0.012, val accuracy 0.994, and val rmse 0.106
train loss 0.039, val loss 0.012, val accuracy 0.994, and val rmse 0.112
train loss 0.043, val loss 0.018, val accuracy 0.992, and val rmse 0.147
train loss 0.035, val loss 0.014, val accuracy 0.993, and val rmse 0.119
train loss 0.033, val loss 0.014, val accuracy 0.994, and val rmse 0.114
train loss 0.042, val loss 0.017, val accuracy 0.993, and val rmse 0.132
train loss 0.046, val loss 0.015, val accuracy 0.993, and val rmse 0.123
train loss 0.046, val loss 0.017, val accuracy 0.993, and val rmse 0.128
train loss 0.033, val loss 0.013, val accuracy 0.994, and val rmse 0.104
fold: 9
train loss 0.042, val loss 0.013, val accuracy 0.994, and val rmse 0.103
train loss 0.039, val loss 0.014, val accuracy 0.994, and val rmse 0.113
train loss 0.042, val loss 0.015, val accuracy 0.994, and val rmse 0.110
train loss 0.038, val loss 0.017, val accuracy 0.992, and val rmse 0.139
train loss 0.045, val loss 0.015, val accuracy 0.993, and val rmse 0.127
train loss 0.036, val loss 0.014, val accuracy 0.994, and val rmse 0.107
train loss 0.034, val loss 0.037, val accuracy 0.986, and val rmse 0.264
train loss 0.033, val loss 0.013, val accuracy 0.994, and val rmse 0.115
train loss 0.032, val loss 0.013, val accuracy 0.994, and val rmse 0.100
train loss 0.040, val loss 0.015, val accuracy 0.994, and val rmse 0.105
fold: 10
train loss 0.050, val loss 0.018, val accuracy 0.993, and val rmse 0.131
train loss 0.042, val loss 0.018, val accuracy 0.992, and val rmse 0.130
train loss 0.035, val loss 0.021, val accuracy 0.992, and val rmse 0.130
train loss 0.034, val loss 0.013, val accuracy 0.994, and val rmse 0.110
train loss 0.044, val loss 0.015, val accuracy 0.993, and val rmse 0.129
train loss 0.044, val loss 0.014, val accuracy 0.994, and val rmse 0.102
train loss 0.037, val loss 0.015, val accuracy 0.993, and val rmse 0.122
train loss 0.035, val loss 0.017, val accuracy 0.993, and val rmse 0.110
train loss 0.037, val loss 0.018, val accuracy 0.992, and val rmse 0.142
train loss 0.038, val loss 0.018, val accuracy 0.992, and val rmse 0.135
nakon svih foldova: train loss 0.036, val loss 0.012, val accuracy 0.994, and val rmse 0.107
batch_size: 25, filter_sizes: [1, 2, 3, 5], num_filters: 5
results/hyperparameters/hp3/
fold: 1
train loss 0.532, val loss 0.404, val accuracy 0.870, and val rmse 1.092
train loss 0.360, val loss 0.268, val accuracy 0.905, and val rmse 0.850
train loss 0.345, val loss 0.258, val accuracy 0.910, and val rmse 0.815
train loss 0.336, val loss 0.254, val accuracy 0.910, and val rmse 0.819
train loss 0.338, val loss 0.256, val accuracy 0.912, and val rmse 0.808
train loss 0.338, val loss 0.254, val accuracy 0.914, and val rmse 0.771
train loss 0.317, val loss 0.231, val accuracy 0.916, and val rmse 0.788
train loss 0.313, val loss 0.222, val accuracy 0.920, and val rmse 0.746
train loss 0.316, val loss 0.221, val accuracy 0.916, and val rmse 0.797
train loss 0.307, val loss 0.217, val accuracy 0.919, and val rmse 0.764
fold: 2
train loss 0.311, val loss 0.246, val accuracy 0.912, and val rmse 0.815
train loss 0.307, val loss 0.222, val accuracy 0.919, and val rmse 0.759
train loss 0.303, val loss 0.226, val accuracy 0.916, and val rmse 0.769
train loss 0.307, val loss 0.211, val accuracy 0.922, and val rmse 0.727
train loss 0.305, val loss 0.216, val accuracy 0.924, and val rmse 0.743
train loss 0.292, val loss 0.206, val accuracy 0.926, and val rmse 0.703
train loss 0.307, val loss 0.209, val accuracy 0.923, and val rmse 0.726
train loss 0.307, val loss 0.221, val accuracy 0.921, and val rmse 0.745
train loss 0.296, val loss 0.212, val accuracy 0.924, and val rmse 0.696
train loss 0.298, val loss 0.220, val accuracy 0.916, and val rmse 0.794
fold: 3
train loss 0.304, val loss 0.207, val accuracy 0.924, and val rmse 0.712
train loss 0.300, val loss 0.212, val accuracy 0.925, and val rmse 0.698
train loss 0.303, val loss 0.208, val accuracy 0.919, and val rmse 0.766
train loss 0.321, val loss 0.221, val accuracy 0.921, and val rmse 0.764
train loss 0.295, val loss 0.213, val accuracy 0.922, and val rmse 0.747
train loss 0.306, val loss 0.239, val accuracy 0.919, and val rmse 0.724
train loss 0.303, val loss 0.248, val accuracy 0.906, and val rmse 0.846
train loss 0.301, val loss 0.202, val accuracy 0.925, and val rmse 0.719
train loss 0.303, val loss 0.210, val accuracy 0.927, and val rmse 0.701
train loss 0.296, val loss 0.207, val accuracy 0.921, and val rmse 0.737
fold: 4
train loss 0.290, val loss 0.210, val accuracy 0.925, and val rmse 0.711
train loss 0.307, val loss 0.214, val accuracy 0.918, and val rmse 0.746
train loss 0.289, val loss 0.221, val accuracy 0.922, and val rmse 0.722
train loss 0.289, val loss 0.204, val accuracy 0.920, and val rmse 0.739
train loss 0.292, val loss 0.205, val accuracy 0.924, and val rmse 0.708
train loss 0.294, val loss 0.199, val accuracy 0.927, and val rmse 0.709
train loss 0.294, val loss 0.197, val accuracy 0.925, and val rmse 0.733
train loss 0.288, val loss 0.219, val accuracy 0.920, and val rmse 0.735
train loss 0.280, val loss 0.207, val accuracy 0.924, and val rmse 0.726
train loss 0.285, val loss 0.214, val accuracy 0.924, and val rmse 0.732
fold: 5
train loss 0.297, val loss 0.206, val accuracy 0.925, and val rmse 0.734
train loss 0.293, val loss 0.218, val accuracy 0.922, and val rmse 0.743
train loss 0.294, val loss 0.210, val accuracy 0.921, and val rmse 0.758
train loss 0.287, val loss 0.204, val accuracy 0.922, and val rmse 0.718
train loss 0.290, val loss 0.238, val accuracy 0.914, and val rmse 0.778
train loss 0.297, val loss 0.205, val accuracy 0.925, and val rmse 0.695
train loss 0.292, val loss 0.201, val accuracy 0.927, and val rmse 0.681
train loss 0.291, val loss 0.205, val accuracy 0.922, and val rmse 0.735
train loss 0.300, val loss 0.207, val accuracy 0.927, and val rmse 0.695
train loss 0.293, val loss 0.211, val accuracy 0.923, and val rmse 0.731
fold: 6
train loss 0.284, val loss 0.211, val accuracy 0.923, and val rmse 0.720
train loss 0.301, val loss 0.212, val accuracy 0.924, and val rmse 0.717
train loss 0.292, val loss 0.205, val accuracy 0.929, and val rmse 0.690
train loss 0.294, val loss 0.214, val accuracy 0.921, and val rmse 0.734
train loss 0.296, val loss 0.207, val accuracy 0.929, and val rmse 0.671
train loss 0.284, val loss 0.212, val accuracy 0.921, and val rmse 0.744
train loss 0.287, val loss 0.222, val accuracy 0.920, and val rmse 0.778
train loss 0.291, val loss 0.207, val accuracy 0.925, and val rmse 0.707
train loss 0.298, val loss 0.212, val accuracy 0.919, and val rmse 0.732
train loss 0.285, val loss 0.210, val accuracy 0.924, and val rmse 0.711
fold: 7
train loss 0.296, val loss 0.202, val accuracy 0.928, and val rmse 0.682
train loss 0.295, val loss 0.215, val accuracy 0.920, and val rmse 0.712
train loss 0.300, val loss 0.200, val accuracy 0.927, and val rmse 0.689
train loss 0.290, val loss 0.202, val accuracy 0.925, and val rmse 0.722
train loss 0.297, val loss 0.207, val accuracy 0.928, and val rmse 0.690
train loss 0.295, val loss 0.212, val accuracy 0.923, and val rmse 0.723
train loss 0.290, val loss 0.208, val accuracy 0.926, and val rmse 0.697
train loss 0.294, val loss 0.215, val accuracy 0.920, and val rmse 0.739
train loss 0.296, val loss 0.207, val accuracy 0.925, and val rmse 0.727
train loss 0.298, val loss 0.202, val accuracy 0.926, and val rmse 0.703
fold: 8
train loss 0.294, val loss 0.205, val accuracy 0.921, and val rmse 0.739
train loss 0.283, val loss 0.201, val accuracy 0.927, and val rmse 0.677
train loss 0.290, val loss 0.205, val accuracy 0.928, and val rmse 0.673
train loss 0.299, val loss 0.207, val accuracy 0.925, and val rmse 0.724
train loss 0.293, val loss 0.208, val accuracy 0.927, and val rmse 0.699
train loss 0.287, val loss 0.204, val accuracy 0.927, and val rmse 0.679
train loss 0.296, val loss 0.200, val accuracy 0.924, and val rmse 0.694
train loss 0.292, val loss 0.224, val accuracy 0.914, and val rmse 0.781
train loss 0.298, val loss 0.208, val accuracy 0.925, and val rmse 0.702
train loss 0.291, val loss 0.203, val accuracy 0.922, and val rmse 0.734
fold: 9
train loss 0.291, val loss 0.199, val accuracy 0.923, and val rmse 0.736
train loss 0.299, val loss 0.211, val accuracy 0.925, and val rmse 0.705
train loss 0.296, val loss 0.204, val accuracy 0.924, and val rmse 0.702
train loss 0.294, val loss 0.219, val accuracy 0.922, and val rmse 0.713
train loss 0.297, val loss 0.208, val accuracy 0.926, and val rmse 0.697
train loss 0.280, val loss 0.205, val accuracy 0.927, and val rmse 0.671
train loss 0.287, val loss 0.200, val accuracy 0.928, and val rmse 0.713
train loss 0.291, val loss 0.202, val accuracy 0.927, and val rmse 0.672
train loss 0.287, val loss 0.200, val accuracy 0.926, and val rmse 0.689
train loss 0.295, val loss 0.206, val accuracy 0.927, and val rmse 0.691
fold: 10
train loss 0.294, val loss 0.218, val accuracy 0.925, and val rmse 0.714
train loss 0.287, val loss 0.209, val accuracy 0.924, and val rmse 0.699
train loss 0.289, val loss 0.198, val accuracy 0.929, and val rmse 0.672
train loss 0.286, val loss 0.214, val accuracy 0.925, and val rmse 0.714
train loss 0.292, val loss 0.201, val accuracy 0.926, and val rmse 0.686
train loss 0.294, val loss 0.226, val accuracy 0.915, and val rmse 0.776
train loss 0.280, val loss 0.207, val accuracy 0.926, and val rmse 0.685
train loss 0.288, val loss 0.215, val accuracy 0.921, and val rmse 0.734
train loss 0.289, val loss 0.204, val accuracy 0.929, and val rmse 0.696
train loss 0.282, val loss 0.215, val accuracy 0.925, and val rmse 0.691
nakon svih foldova: train loss 0.291, val loss 0.196, val accuracy 0.928, and val rmse 0.684
batch_size: 50, filter_sizes: [1, 2, 3, 5], num_filters: 5
results/hyperparameters/hp4/
fold: 1
train loss 0.524, val loss 0.400, val accuracy 0.871, and val rmse 1.087
train loss 0.332, val loss 0.242, val accuracy 0.912, and val rmse 0.870
train loss 0.310, val loss 0.236, val accuracy 0.921, and val rmse 0.822
train loss 0.298, val loss 0.226, val accuracy 0.917, and val rmse 0.859
train loss 0.294, val loss 0.226, val accuracy 0.920, and val rmse 0.821
train loss 0.285, val loss 0.217, val accuracy 0.915, and val rmse 0.863
train loss 0.277, val loss 0.200, val accuracy 0.927, and val rmse 0.793
train loss 0.278, val loss 0.196, val accuracy 0.931, and val rmse 0.761
train loss 0.277, val loss 0.197, val accuracy 0.929, and val rmse 0.779
train loss 0.274, val loss 0.201, val accuracy 0.928, and val rmse 0.780
fold: 2
train loss 0.270, val loss 0.203, val accuracy 0.922, and val rmse 0.822
train loss 0.268, val loss 0.214, val accuracy 0.921, and val rmse 0.812
train loss 0.279, val loss 0.197, val accuracy 0.932, and val rmse 0.753
train loss 0.272, val loss 0.196, val accuracy 0.931, and val rmse 0.766
train loss 0.283, val loss 0.197, val accuracy 0.926, and val rmse 0.777
train loss 0.264, val loss 0.202, val accuracy 0.928, and val rmse 0.796
train loss 0.268, val loss 0.204, val accuracy 0.929, and val rmse 0.774
train loss 0.274, val loss 0.191, val accuracy 0.934, and val rmse 0.753
train loss 0.270, val loss 0.196, val accuracy 0.931, and val rmse 0.757
train loss 0.266, val loss 0.197, val accuracy 0.925, and val rmse 0.797
fold: 3
train loss 0.266, val loss 0.195, val accuracy 0.930, and val rmse 0.782
train loss 0.257, val loss 0.197, val accuracy 0.928, and val rmse 0.778
train loss 0.265, val loss 0.202, val accuracy 0.924, and val rmse 0.793
train loss 0.270, val loss 0.189, val accuracy 0.933, and val rmse 0.765
train loss 0.270, val loss 0.200, val accuracy 0.929, and val rmse 0.753
train loss 0.261, val loss 0.214, val accuracy 0.923, and val rmse 0.818
train loss 0.272, val loss 0.212, val accuracy 0.920, and val rmse 0.823
train loss 0.263, val loss 0.184, val accuracy 0.933, and val rmse 0.756
train loss 0.275, val loss 0.187, val accuracy 0.931, and val rmse 0.764
train loss 0.263, val loss 0.188, val accuracy 0.931, and val rmse 0.798
fold: 4
train loss 0.259, val loss 0.194, val accuracy 0.924, and val rmse 0.821
train loss 0.272, val loss 0.192, val accuracy 0.931, and val rmse 0.778
train loss 0.265, val loss 0.192, val accuracy 0.930, and val rmse 0.772
train loss 0.265, val loss 0.191, val accuracy 0.927, and val rmse 0.779
train loss 0.262, val loss 0.192, val accuracy 0.930, and val rmse 0.775
train loss 0.270, val loss 0.192, val accuracy 0.929, and val rmse 0.765
train loss 0.267, val loss 0.195, val accuracy 0.933, and val rmse 0.746
train loss 0.259, val loss 0.191, val accuracy 0.927, and val rmse 0.787
train loss 0.269, val loss 0.191, val accuracy 0.930, and val rmse 0.767
train loss 0.258, val loss 0.191, val accuracy 0.928, and val rmse 0.763
fold: 5
train loss 0.257, val loss 0.190, val accuracy 0.931, and val rmse 0.781
train loss 0.260, val loss 0.191, val accuracy 0.928, and val rmse 0.786
train loss 0.258, val loss 0.187, val accuracy 0.932, and val rmse 0.759
train loss 0.272, val loss 0.198, val accuracy 0.925, and val rmse 0.807
train loss 0.254, val loss 0.201, val accuracy 0.928, and val rmse 0.799
train loss 0.259, val loss 0.189, val accuracy 0.931, and val rmse 0.770
train loss 0.262, val loss 0.193, val accuracy 0.928, and val rmse 0.802
train loss 0.259, val loss 0.191, val accuracy 0.929, and val rmse 0.786
train loss 0.268, val loss 0.194, val accuracy 0.930, and val rmse 0.775
train loss 0.265, val loss 0.210, val accuracy 0.922, and val rmse 0.804
fold: 6
train loss 0.265, val loss 0.192, val accuracy 0.926, and val rmse 0.788
train loss 0.257, val loss 0.186, val accuracy 0.934, and val rmse 0.756
train loss 0.256, val loss 0.184, val accuracy 0.932, and val rmse 0.764
train loss 0.257, val loss 0.186, val accuracy 0.929, and val rmse 0.777
train loss 0.255, val loss 0.195, val accuracy 0.932, and val rmse 0.760
train loss 0.259, val loss 0.185, val accuracy 0.930, and val rmse 0.783
train loss 0.266, val loss 0.210, val accuracy 0.922, and val rmse 0.833
train loss 0.263, val loss 0.205, val accuracy 0.923, and val rmse 0.823
train loss 0.263, val loss 0.198, val accuracy 0.929, and val rmse 0.772
train loss 0.264, val loss 0.200, val accuracy 0.924, and val rmse 0.850
fold: 7
train loss 0.265, val loss 0.187, val accuracy 0.934, and val rmse 0.735
train loss 0.265, val loss 0.188, val accuracy 0.932, and val rmse 0.759
train loss 0.262, val loss 0.227, val accuracy 0.909, and val rmse 0.878
train loss 0.244, val loss 0.189, val accuracy 0.929, and val rmse 0.759
train loss 0.269, val loss 0.207, val accuracy 0.921, and val rmse 0.821
train loss 0.269, val loss 0.207, val accuracy 0.924, and val rmse 0.789
train loss 0.266, val loss 0.183, val accuracy 0.933, and val rmse 0.765
train loss 0.253, val loss 0.190, val accuracy 0.929, and val rmse 0.766
train loss 0.259, val loss 0.183, val accuracy 0.932, and val rmse 0.768
train loss 0.271, val loss 0.190, val accuracy 0.927, and val rmse 0.816
fold: 8
train loss 0.258, val loss 0.187, val accuracy 0.930, and val rmse 0.763
train loss 0.257, val loss 0.193, val accuracy 0.930, and val rmse 0.791
train loss 0.268, val loss 0.187, val accuracy 0.930, and val rmse 0.784
train loss 0.253, val loss 0.191, val accuracy 0.931, and val rmse 0.753
train loss 0.267, val loss 0.191, val accuracy 0.927, and val rmse 0.786
train loss 0.266, val loss 0.186, val accuracy 0.930, and val rmse 0.770
train loss 0.268, val loss 0.194, val accuracy 0.929, and val rmse 0.786
train loss 0.258, val loss 0.186, val accuracy 0.931, and val rmse 0.766
train loss 0.260, val loss 0.190, val accuracy 0.930, and val rmse 0.795
train loss 0.256, val loss 0.191, val accuracy 0.924, and val rmse 0.817
fold: 9
train loss 0.261, val loss 0.186, val accuracy 0.932, and val rmse 0.747
train loss 0.270, val loss 0.193, val accuracy 0.925, and val rmse 0.809
train loss 0.255, val loss 0.189, val accuracy 0.927, and val rmse 0.805
train loss 0.257, val loss 0.200, val accuracy 0.927, and val rmse 0.782
train loss 0.267, val loss 0.199, val accuracy 0.928, and val rmse 0.776
train loss 0.262, val loss 0.190, val accuracy 0.932, and val rmse 0.753
train loss 0.258, val loss 0.187, val accuracy 0.934, and val rmse 0.754
train loss 0.261, val loss 0.186, val accuracy 0.931, and val rmse 0.777
train loss 0.276, val loss 0.202, val accuracy 0.923, and val rmse 0.835
train loss 0.270, val loss 0.188, val accuracy 0.928, and val rmse 0.798
fold: 10
train loss 0.253, val loss 0.191, val accuracy 0.926, and val rmse 0.824
train loss 0.264, val loss 0.187, val accuracy 0.931, and val rmse 0.783
train loss 0.256, val loss 0.192, val accuracy 0.933, and val rmse 0.770
train loss 0.266, val loss 0.188, val accuracy 0.927, and val rmse 0.809
train loss 0.257, val loss 0.201, val accuracy 0.928, and val rmse 0.792
train loss 0.261, val loss 0.186, val accuracy 0.934, and val rmse 0.752
train loss 0.266, val loss 0.184, val accuracy 0.929, and val rmse 0.784
train loss 0.266, val loss 0.202, val accuracy 0.923, and val rmse 0.833
train loss 0.259, val loss 0.188, val accuracy 0.933, and val rmse 0.766
train loss 0.263, val loss 0.191, val accuracy 0.927, and val rmse 0.802
nakon svih foldova: train loss 0.260, val loss 0.182, val accuracy 0.934, and val rmse 0.758
batch_size: 25, filter_sizes: [1, 2, 3], num_filters: 5
results/hyperparameters/hp5/
fold: 1
train loss 0.700, val loss 0.550, val accuracy 0.845, and val rmse 1.190
train loss 0.553, val loss 0.441, val accuracy 0.860, and val rmse 1.140
train loss 0.550, val loss 0.423, val accuracy 0.867, and val rmse 1.114
train loss 0.555, val loss 0.425, val accuracy 0.869, and val rmse 1.081
train loss 0.559, val loss 0.423, val accuracy 0.869, and val rmse 1.090
train loss 0.555, val loss 0.431, val accuracy 0.868, and val rmse 1.092
train loss 0.552, val loss 0.435, val accuracy 0.868, and val rmse 1.086
train loss 0.549, val loss 0.423, val accuracy 0.870, and val rmse 1.092
train loss 0.556, val loss 0.428, val accuracy 0.874, and val rmse 1.072
train loss 0.549, val loss 0.424, val accuracy 0.867, and val rmse 1.092
fold: 2
train loss 0.550, val loss 0.429, val accuracy 0.877, and val rmse 1.029
train loss 0.561, val loss 0.449, val accuracy 0.849, and val rmse 1.168
train loss 0.545, val loss 0.431, val accuracy 0.862, and val rmse 1.127
train loss 0.550, val loss 0.420, val accuracy 0.871, and val rmse 1.078
train loss 0.543, val loss 0.435, val accuracy 0.869, and val rmse 1.091
train loss 0.557, val loss 0.423, val accuracy 0.872, and val rmse 1.052
train loss 0.551, val loss 0.420, val accuracy 0.872, and val rmse 1.057
train loss 0.550, val loss 0.431, val accuracy 0.861, and val rmse 1.133
train loss 0.550, val loss 0.423, val accuracy 0.873, and val rmse 1.057
train loss 0.544, val loss 0.421, val accuracy 0.873, and val rmse 1.038
fold: 3
train loss 0.549, val loss 0.430, val accuracy 0.867, and val rmse 1.114
train loss 0.545, val loss 0.446, val accuracy 0.870, and val rmse 1.068
train loss 0.545, val loss 0.432, val accuracy 0.872, and val rmse 1.058
train loss 0.541, val loss 0.428, val accuracy 0.864, and val rmse 1.054
train loss 0.550, val loss 0.423, val accuracy 0.869, and val rmse 1.097
train loss 0.549, val loss 0.422, val accuracy 0.874, and val rmse 1.049
train loss 0.540, val loss 0.424, val accuracy 0.875, and val rmse 1.040
train loss 0.549, val loss 0.439, val accuracy 0.859, and val rmse 1.156
train loss 0.552, val loss 0.427, val accuracy 0.868, and val rmse 1.094
train loss 0.554, val loss 0.427, val accuracy 0.870, and val rmse 1.097
fold: 4
train loss 0.550, val loss 0.426, val accuracy 0.868, and val rmse 1.082
train loss 0.546, val loss 0.421, val accuracy 0.867, and val rmse 1.090
train loss 0.547, val loss 0.433, val accuracy 0.873, and val rmse 1.057
train loss 0.544, val loss 0.420, val accuracy 0.875, and val rmse 1.041
train loss 0.550, val loss 0.425, val accuracy 0.874, and val rmse 1.059
train loss 0.550, val loss 0.427, val accuracy 0.864, and val rmse 1.130
train loss 0.556, val loss 0.444, val accuracy 0.875, and val rmse 1.054
train loss 0.553, val loss 0.427, val accuracy 0.867, and val rmse 1.108
train loss 0.534, val loss 0.434, val accuracy 0.869, and val rmse 1.084
train loss 0.544, val loss 0.434, val accuracy 0.864, and val rmse 1.131
fold: 5
train loss 0.557, val loss 0.421, val accuracy 0.874, and val rmse 1.055
train loss 0.552, val loss 0.417, val accuracy 0.867, and val rmse 1.110
train loss 0.539, val loss 0.422, val accuracy 0.867, and val rmse 1.104
train loss 0.548, val loss 0.431, val accuracy 0.872, and val rmse 1.057
train loss 0.559, val loss 0.432, val accuracy 0.871, and val rmse 1.088
train loss 0.546, val loss 0.439, val accuracy 0.869, and val rmse 1.074
train loss 0.550, val loss 0.422, val accuracy 0.867, and val rmse 1.109
train loss 0.563, val loss 0.425, val accuracy 0.873, and val rmse 1.059
train loss 0.547, val loss 0.428, val accuracy 0.868, and val rmse 1.088
train loss 0.559, val loss 0.424, val accuracy 0.867, and val rmse 1.109
fold: 6
train loss 0.565, val loss 0.430, val accuracy 0.870, and val rmse 1.087
train loss 0.540, val loss 0.431, val accuracy 0.872, and val rmse 1.074
train loss 0.544, val loss 0.437, val accuracy 0.869, and val rmse 1.081
train loss 0.550, val loss 0.439, val accuracy 0.872, and val rmse 1.054
train loss 0.549, val loss 0.441, val accuracy 0.863, and val rmse 1.119
train loss 0.547, val loss 0.432, val accuracy 0.866, and val rmse 1.119
train loss 0.543, val loss 0.440, val accuracy 0.857, and val rmse 1.154
train loss 0.544, val loss 0.425, val accuracy 0.866, and val rmse 1.114
train loss 0.555, val loss 0.425, val accuracy 0.868, and val rmse 1.086
train loss 0.549, val loss 0.435, val accuracy 0.859, and val rmse 1.154
fold: 7
train loss 0.548, val loss 0.425, val accuracy 0.867, and val rmse 1.081
train loss 0.548, val loss 0.426, val accuracy 0.869, and val rmse 1.097
train loss 0.551, val loss 0.433, val accuracy 0.868, and val rmse 1.093
train loss 0.546, val loss 0.421, val accuracy 0.872, and val rmse 1.050
train loss 0.548, val loss 0.423, val accuracy 0.870, and val rmse 1.081
train loss 0.542, val loss 0.422, val accuracy 0.863, and val rmse 1.122
train loss 0.550, val loss 0.431, val accuracy 0.856, and val rmse 1.164
train loss 0.568, val loss 0.425, val accuracy 0.867, and val rmse 1.096
train loss 0.553, val loss 0.425, val accuracy 0.872, and val rmse 1.055
train loss 0.560, val loss 0.455, val accuracy 0.875, and val rmse 1.056
fold: 8
train loss 0.554, val loss 0.426, val accuracy 0.870, and val rmse 1.083
train loss 0.543, val loss 0.445, val accuracy 0.854, and val rmse 1.164
train loss 0.551, val loss 0.420, val accuracy 0.869, and val rmse 1.094
train loss 0.554, val loss 0.420, val accuracy 0.873, and val rmse 1.051
train loss 0.545, val loss 0.431, val accuracy 0.863, and val rmse 1.122
train loss 0.544, val loss 0.427, val accuracy 0.861, and val rmse 1.112
train loss 0.552, val loss 0.420, val accuracy 0.874, and val rmse 1.045
train loss 0.537, val loss 0.428, val accuracy 0.869, and val rmse 1.086
train loss 0.547, val loss 0.415, val accuracy 0.867, and val rmse 1.090
train loss 0.549, val loss 0.427, val accuracy 0.867, and val rmse 1.097
fold: 9
train loss 0.549, val loss 0.424, val accuracy 0.864, and val rmse 1.120
train loss 0.554, val loss 0.419, val accuracy 0.871, and val rmse 1.067
train loss 0.544, val loss 0.435, val accuracy 0.870, and val rmse 1.081
train loss 0.553, val loss 0.433, val accuracy 0.870, and val rmse 1.091
train loss 0.549, val loss 0.433, val accuracy 0.873, and val rmse 1.062
train loss 0.549, val loss 0.436, val accuracy 0.876, and val rmse 1.042
train loss 0.553, val loss 0.420, val accuracy 0.868, and val rmse 1.082
train loss 0.561, val loss 0.435, val accuracy 0.873, and val rmse 1.067
train loss 0.546, val loss 0.436, val accuracy 0.862, and val rmse 1.131
train loss 0.543, val loss 0.431, val accuracy 0.867, and val rmse 1.096
fold: 10
train loss 0.549, val loss 0.423, val accuracy 0.868, and val rmse 1.082
train loss 0.540, val loss 0.433, val accuracy 0.869, and val rmse 1.082
train loss 0.547, val loss 0.426, val accuracy 0.861, and val rmse 1.134
train loss 0.544, val loss 0.447, val accuracy 0.863, and val rmse 1.124
train loss 0.543, val loss 0.419, val accuracy 0.872, and val rmse 1.049
train loss 0.551, val loss 0.432, val accuracy 0.870, and val rmse 1.073
train loss 0.557, val loss 0.434, val accuracy 0.869, and val rmse 1.087
train loss 0.542, val loss 0.426, val accuracy 0.859, and val rmse 1.143
train loss 0.531, val loss 0.420, val accuracy 0.874, and val rmse 1.037
train loss 0.547, val loss 0.420, val accuracy 0.873, and val rmse 1.061
nakon svih foldova: train loss 0.541, val loss 0.415, val accuracy 0.871, and val rmse 1.074
batch_size: 50, filter_sizes: [1, 2, 3], num_filters: 5
results/hyperparameters/hp6/
fold: 1
train loss 0.682, val loss 0.517, val accuracy 0.841, and val rmse 1.210
train loss 0.488, val loss 0.407, val accuracy 0.863, and val rmse 1.138
train loss 0.488, val loss 0.404, val accuracy 0.864, and val rmse 1.119
train loss 0.490, val loss 0.394, val accuracy 0.865, and val rmse 1.119
train loss 0.495, val loss 0.400, val accuracy 0.856, and val rmse 1.177
train loss 0.472, val loss 0.404, val accuracy 0.858, and val rmse 1.174
train loss 0.487, val loss 0.393, val accuracy 0.872, and val rmse 1.094
train loss 0.478, val loss 0.399, val accuracy 0.854, and val rmse 1.171
train loss 0.492, val loss 0.395, val accuracy 0.863, and val rmse 1.151
train loss 0.483, val loss 0.395, val accuracy 0.862, and val rmse 1.148
fold: 2
train loss 0.483, val loss 0.386, val accuracy 0.866, and val rmse 1.133
train loss 0.475, val loss 0.386, val accuracy 0.865, and val rmse 1.128
train loss 0.480, val loss 0.390, val accuracy 0.867, and val rmse 1.132
train loss 0.483, val loss 0.389, val accuracy 0.871, and val rmse 1.107
train loss 0.473, val loss 0.397, val accuracy 0.851, and val rmse 1.188
train loss 0.474, val loss 0.399, val accuracy 0.856, and val rmse 1.179
train loss 0.480, val loss 0.384, val accuracy 0.877, and val rmse 1.055
train loss 0.476, val loss 0.388, val accuracy 0.872, and val rmse 1.090
train loss 0.470, val loss 0.389, val accuracy 0.858, and val rmse 1.163
train loss 0.472, val loss 0.409, val accuracy 0.859, and val rmse 1.142
fold: 3
train loss 0.482, val loss 0.389, val accuracy 0.881, and val rmse 1.033
train loss 0.478, val loss 0.388, val accuracy 0.871, and val rmse 1.115
train loss 0.477, val loss 0.392, val accuracy 0.860, and val rmse 1.155
train loss 0.467, val loss 0.403, val accuracy 0.859, and val rmse 1.138
train loss 0.483, val loss 0.385, val accuracy 0.869, and val rmse 1.101
train loss 0.484, val loss 0.393, val accuracy 0.867, and val rmse 1.130
train loss 0.481, val loss 0.391, val accuracy 0.868, and val rmse 1.103
train loss 0.484, val loss 0.395, val accuracy 0.865, and val rmse 1.113
train loss 0.478, val loss 0.394, val accuracy 0.866, and val rmse 1.127
train loss 0.488, val loss 0.396, val accuracy 0.856, and val rmse 1.181
fold: 4
train loss 0.472, val loss 0.412, val accuracy 0.849, and val rmse 1.193
train loss 0.479, val loss 0.397, val accuracy 0.864, and val rmse 1.118
train loss 0.481, val loss 0.388, val accuracy 0.873, and val rmse 1.098
train loss 0.481, val loss 0.391, val accuracy 0.866, and val rmse 1.115
train loss 0.479, val loss 0.387, val accuracy 0.875, and val rmse 1.080
train loss 0.482, val loss 0.390, val accuracy 0.860, and val rmse 1.150
train loss 0.485, val loss 0.392, val accuracy 0.861, and val rmse 1.153
train loss 0.482, val loss 0.389, val accuracy 0.876, and val rmse 1.067
train loss 0.480, val loss 0.401, val accuracy 0.867, and val rmse 1.101
train loss 0.468, val loss 0.385, val accuracy 0.868, and val rmse 1.120
fold: 5
train loss 0.485, val loss 0.392, val accuracy 0.876, and val rmse 1.064
train loss 0.481, val loss 0.392, val accuracy 0.855, and val rmse 1.178
train loss 0.493, val loss 0.392, val accuracy 0.869, and val rmse 1.101
train loss 0.467, val loss 0.392, val accuracy 0.859, and val rmse 1.161
train loss 0.476, val loss 0.388, val accuracy 0.863, and val rmse 1.146
train loss 0.473, val loss 0.387, val accuracy 0.871, and val rmse 1.095
train loss 0.476, val loss 0.387, val accuracy 0.874, and val rmse 1.069
train loss 0.476, val loss 0.389, val accuracy 0.867, and val rmse 1.100
train loss 0.482, val loss 0.396, val accuracy 0.858, and val rmse 1.146
train loss 0.481, val loss 0.392, val accuracy 0.873, and val rmse 1.078
fold: 6
train loss 0.485, val loss 0.389, val accuracy 0.861, and val rmse 1.157
train loss 0.477, val loss 0.400, val accuracy 0.869, and val rmse 1.123
train loss 0.478, val loss 0.386, val accuracy 0.868, and val rmse 1.093
train loss 0.477, val loss 0.388, val accuracy 0.862, and val rmse 1.147
train loss 0.475, val loss 0.393, val accuracy 0.861, and val rmse 1.168
train loss 0.476, val loss 0.402, val accuracy 0.863, and val rmse 1.156
train loss 0.471, val loss 0.387, val accuracy 0.878, and val rmse 1.045
train loss 0.481, val loss 0.406, val accuracy 0.851, and val rmse 1.204
train loss 0.482, val loss 0.392, val accuracy 0.871, and val rmse 1.089
train loss 0.481, val loss 0.397, val accuracy 0.857, and val rmse 1.158
fold: 7
train loss 0.477, val loss 0.391, val accuracy 0.878, and val rmse 1.059
train loss 0.475, val loss 0.386, val accuracy 0.868, and val rmse 1.112
train loss 0.477, val loss 0.386, val accuracy 0.875, and val rmse 1.069
train loss 0.469, val loss 0.395, val accuracy 0.867, and val rmse 1.103
train loss 0.479, val loss 0.386, val accuracy 0.871, and val rmse 1.091
train loss 0.483, val loss 0.383, val accuracy 0.877, and val rmse 1.051
train loss 0.487, val loss 0.384, val accuracy 0.868, and val rmse 1.109
train loss 0.479, val loss 0.393, val accuracy 0.875, and val rmse 1.068
train loss 0.487, val loss 0.387, val accuracy 0.877, and val rmse 1.060
train loss 0.484, val loss 0.390, val accuracy 0.876, and val rmse 1.064
fold: 8
train loss 0.473, val loss 0.402, val accuracy 0.856, and val rmse 1.183
train loss 0.477, val loss 0.392, val accuracy 0.874, and val rmse 1.077
train loss 0.482, val loss 0.399, val accuracy 0.862, and val rmse 1.159
train loss 0.478, val loss 0.387, val accuracy 0.873, and val rmse 1.082
train loss 0.488, val loss 0.396, val accuracy 0.858, and val rmse 1.162
train loss 0.485, val loss 0.391, val accuracy 0.867, and val rmse 1.133
train loss 0.471, val loss 0.392, val accuracy 0.873, and val rmse 1.085
train loss 0.475, val loss 0.388, val accuracy 0.867, and val rmse 1.106
train loss 0.475, val loss 0.387, val accuracy 0.863, and val rmse 1.146
train loss 0.483, val loss 0.394, val accuracy 0.855, and val rmse 1.160
fold: 9
train loss 0.473, val loss 0.388, val accuracy 0.868, and val rmse 1.108
train loss 0.466, val loss 0.411, val accuracy 0.843, and val rmse 1.232
train loss 0.480, val loss 0.397, val accuracy 0.869, and val rmse 1.107
train loss 0.475, val loss 0.384, val accuracy 0.867, and val rmse 1.117
train loss 0.485, val loss 0.385, val accuracy 0.867, and val rmse 1.117
train loss 0.470, val loss 0.386, val accuracy 0.874, and val rmse 1.080
train loss 0.481, val loss 0.405, val accuracy 0.867, and val rmse 1.105
train loss 0.474, val loss 0.395, val accuracy 0.869, and val rmse 1.098
train loss 0.483, val loss 0.386, val accuracy 0.862, and val rmse 1.151
train loss 0.480, val loss 0.391, val accuracy 0.870, and val rmse 1.092
fold: 10
train loss 0.484, val loss 0.393, val accuracy 0.870, and val rmse 1.102
train loss 0.475, val loss 0.389, val accuracy 0.873, and val rmse 1.083
train loss 0.483, val loss 0.387, val accuracy 0.863, and val rmse 1.151
train loss 0.473, val loss 0.394, val accuracy 0.869, and val rmse 1.089
train loss 0.477, val loss 0.391, val accuracy 0.873, and val rmse 1.073
train loss 0.472, val loss 0.387, val accuracy 0.865, and val rmse 1.138
train loss 0.475, val loss 0.386, val accuracy 0.864, and val rmse 1.133
train loss 0.482, val loss 0.386, val accuracy 0.876, and val rmse 1.068
train loss 0.471, val loss 0.388, val accuracy 0.866, and val rmse 1.136
train loss 0.473, val loss 0.388, val accuracy 0.863, and val rmse 1.140
nakon svih foldova: train loss 0.476, val loss 0.381, val accuracy 0.871, and val rmse 1.098
batch_size: 25, filter_sizes: [1, 2, 3, 5], num_filters: 10
results/hyperparameters/hp7/
fold: 1
train loss 0.412, val loss 0.329, val accuracy 0.887, and val rmse 1.012
train loss 0.217, val loss 0.168, val accuracy 0.938, and val rmse 0.619
train loss 0.195, val loss 0.136, val accuracy 0.953, and val rmse 0.517
train loss 0.180, val loss 0.121, val accuracy 0.957, and val rmse 0.489
train loss 0.178, val loss 0.128, val accuracy 0.953, and val rmse 0.479
train loss 0.184, val loss 0.136, val accuracy 0.945, and val rmse 0.535
train loss 0.180, val loss 0.134, val accuracy 0.952, and val rmse 0.511
train loss 0.175, val loss 0.118, val accuracy 0.960, and val rmse 0.427
train loss 0.173, val loss 0.118, val accuracy 0.960, and val rmse 0.447
train loss 0.178, val loss 0.110, val accuracy 0.960, and val rmse 0.459
fold: 2
train loss 0.164, val loss 0.107, val accuracy 0.967, and val rmse 0.399
train loss 0.167, val loss 0.112, val accuracy 0.961, and val rmse 0.454
train loss 0.161, val loss 0.109, val accuracy 0.961, and val rmse 0.444
train loss 0.172, val loss 0.117, val accuracy 0.958, and val rmse 0.445
train loss 0.169, val loss 0.180, val accuracy 0.946, and val rmse 0.562
train loss 0.174, val loss 0.111, val accuracy 0.960, and val rmse 0.407
train loss 0.170, val loss 0.115, val accuracy 0.957, and val rmse 0.468
train loss 0.165, val loss 0.110, val accuracy 0.961, and val rmse 0.456
train loss 0.167, val loss 0.106, val accuracy 0.961, and val rmse 0.445
train loss 0.167, val loss 0.107, val accuracy 0.962, and val rmse 0.407
fold: 3
train loss 0.160, val loss 0.095, val accuracy 0.966, and val rmse 0.403
train loss 0.172, val loss 0.102, val accuracy 0.965, and val rmse 0.415
train loss 0.171, val loss 0.107, val accuracy 0.961, and val rmse 0.443
train loss 0.172, val loss 0.110, val accuracy 0.962, and val rmse 0.447
train loss 0.162, val loss 0.113, val accuracy 0.956, and val rmse 0.503
train loss 0.168, val loss 0.114, val accuracy 0.957, and val rmse 0.485
train loss 0.164, val loss 0.107, val accuracy 0.963, and val rmse 0.440
train loss 0.163, val loss 0.100, val accuracy 0.964, and val rmse 0.402
train loss 0.167, val loss 0.112, val accuracy 0.959, and val rmse 0.444
train loss 0.160, val loss 0.101, val accuracy 0.965, and val rmse 0.397
fold: 4
train loss 0.162, val loss 0.110, val accuracy 0.958, and val rmse 0.432
train loss 0.170, val loss 0.112, val accuracy 0.960, and val rmse 0.453
train loss 0.166, val loss 0.096, val accuracy 0.967, and val rmse 0.380
train loss 0.158, val loss 0.122, val accuracy 0.953, and val rmse 0.555
train loss 0.164, val loss 0.112, val accuracy 0.959, and val rmse 0.464
train loss 0.163, val loss 0.099, val accuracy 0.967, and val rmse 0.385
train loss 0.172, val loss 0.112, val accuracy 0.959, and val rmse 0.421
train loss 0.173, val loss 0.113, val accuracy 0.960, and val rmse 0.429
train loss 0.160, val loss 0.122, val accuracy 0.948, and val rmse 0.521
train loss 0.165, val loss 0.105, val accuracy 0.961, and val rmse 0.425
fold: 5
train loss 0.165, val loss 0.109, val accuracy 0.961, and val rmse 0.432
train loss 0.165, val loss 0.113, val accuracy 0.962, and val rmse 0.432
train loss 0.166, val loss 0.110, val accuracy 0.960, and val rmse 0.426
train loss 0.168, val loss 0.110, val accuracy 0.957, and val rmse 0.428
train loss 0.171, val loss 0.113, val accuracy 0.958, and val rmse 0.447
train loss 0.166, val loss 0.121, val accuracy 0.959, and val rmse 0.430
train loss 0.166, val loss 0.106, val accuracy 0.962, and val rmse 0.407
train loss 0.160, val loss 0.112, val accuracy 0.958, and val rmse 0.485
train loss 0.171, val loss 0.110, val accuracy 0.958, and val rmse 0.448
train loss 0.174, val loss 0.109, val accuracy 0.961, and val rmse 0.430
fold: 6
train loss 0.159, val loss 0.110, val accuracy 0.960, and val rmse 0.422
train loss 0.159, val loss 0.112, val accuracy 0.957, and val rmse 0.457
train loss 0.165, val loss 0.116, val accuracy 0.957, and val rmse 0.446
train loss 0.169, val loss 0.103, val accuracy 0.965, and val rmse 0.415
train loss 0.169, val loss 0.106, val accuracy 0.963, and val rmse 0.394
train loss 0.163, val loss 0.109, val accuracy 0.960, and val rmse 0.449
train loss 0.161, val loss 0.107, val accuracy 0.961, and val rmse 0.425
train loss 0.163, val loss 0.109, val accuracy 0.960, and val rmse 0.456
train loss 0.160, val loss 0.104, val accuracy 0.965, and val rmse 0.392
train loss 0.166, val loss 0.113, val accuracy 0.958, and val rmse 0.449
fold: 7
train loss 0.168, val loss 0.111, val accuracy 0.960, and val rmse 0.416
train loss 0.159, val loss 0.101, val accuracy 0.966, and val rmse 0.388
train loss 0.166, val loss 0.116, val accuracy 0.953, and val rmse 0.523
train loss 0.178, val loss 0.104, val accuracy 0.963, and val rmse 0.404
train loss 0.162, val loss 0.118, val accuracy 0.955, and val rmse 0.429
train loss 0.158, val loss 0.110, val accuracy 0.955, and val rmse 0.444
train loss 0.155, val loss 0.097, val accuracy 0.966, and val rmse 0.395
train loss 0.162, val loss 0.112, val accuracy 0.954, and val rmse 0.441
train loss 0.166, val loss 0.106, val accuracy 0.961, and val rmse 0.423
train loss 0.171, val loss 0.111, val accuracy 0.956, and val rmse 0.420
fold: 8
train loss 0.181, val loss 0.111, val accuracy 0.959, and val rmse 0.433
train loss 0.170, val loss 0.120, val accuracy 0.956, and val rmse 0.422
train loss 0.170, val loss 0.110, val accuracy 0.959, and val rmse 0.461
train loss 0.171, val loss 0.106, val accuracy 0.965, and val rmse 0.409
train loss 0.161, val loss 0.123, val accuracy 0.955, and val rmse 0.471
train loss 0.165, val loss 0.109, val accuracy 0.959, and val rmse 0.458
train loss 0.160, val loss 0.106, val accuracy 0.962, and val rmse 0.417
train loss 0.163, val loss 0.110, val accuracy 0.956, and val rmse 0.430
train loss 0.151, val loss 0.109, val accuracy 0.960, and val rmse 0.451
train loss 0.164, val loss 0.097, val accuracy 0.966, and val rmse 0.396
fold: 9
train loss 0.167, val loss 0.124, val accuracy 0.949, and val rmse 0.589
train loss 0.156, val loss 0.098, val accuracy 0.966, and val rmse 0.385
train loss 0.178, val loss 0.110, val accuracy 0.961, and val rmse 0.441
train loss 0.165, val loss 0.100, val accuracy 0.965, and val rmse 0.400
train loss 0.169, val loss 0.107, val accuracy 0.961, and val rmse 0.434
train loss 0.160, val loss 0.100, val accuracy 0.962, and val rmse 0.413
train loss 0.164, val loss 0.108, val accuracy 0.958, and val rmse 0.423
train loss 0.172, val loss 0.113, val accuracy 0.960, and val rmse 0.431
train loss 0.157, val loss 0.103, val accuracy 0.964, and val rmse 0.384
train loss 0.178, val loss 0.101, val accuracy 0.961, and val rmse 0.441
fold: 10
train loss 0.168, val loss 0.110, val accuracy 0.959, and val rmse 0.411
train loss 0.162, val loss 0.101, val accuracy 0.963, and val rmse 0.421
train loss 0.165, val loss 0.107, val accuracy 0.958, and val rmse 0.453
train loss 0.168, val loss 0.109, val accuracy 0.960, and val rmse 0.408
train loss 0.173, val loss 0.128, val accuracy 0.955, and val rmse 0.464
train loss 0.167, val loss 0.109, val accuracy 0.960, and val rmse 0.419
train loss 0.174, val loss 0.104, val accuracy 0.961, and val rmse 0.423
train loss 0.173, val loss 0.111, val accuracy 0.959, and val rmse 0.450
train loss 0.155, val loss 0.110, val accuracy 0.958, and val rmse 0.457
train loss 0.165, val loss 0.107, val accuracy 0.954, and val rmse 0.435
nakon svih foldova: train loss 0.160, val loss 0.096, val accuracy 0.966, and val rmse 0.400
batch_size: 50, filter_sizes: [1, 2, 3, 5], num_filters: 10
results/hyperparameters/hp8/
fold: 1
train loss 0.395, val loss 0.311, val accuracy 0.893, and val rmse 1.014
train loss 0.200, val loss 0.141, val accuracy 0.946, and val rmse 0.642
train loss 0.179, val loss 0.126, val accuracy 0.950, and val rmse 0.588
train loss 0.163, val loss 0.106, val accuracy 0.965, and val rmse 0.464
train loss 0.157, val loss 0.102, val accuracy 0.965, and val rmse 0.472
train loss 0.147, val loss 0.100, val accuracy 0.962, and val rmse 0.538
train loss 0.149, val loss 0.091, val accuracy 0.970, and val rmse 0.442
train loss 0.141, val loss 0.097, val accuracy 0.964, and val rmse 0.479
train loss 0.141, val loss 0.090, val accuracy 0.969, and val rmse 0.444
train loss 0.135, val loss 0.087, val accuracy 0.971, and val rmse 0.418
fold: 2
train loss 0.149, val loss 0.102, val accuracy 0.966, and val rmse 0.476
train loss 0.136, val loss 0.090, val accuracy 0.972, and val rmse 0.407
train loss 0.139, val loss 0.088, val accuracy 0.970, and val rmse 0.418
train loss 0.136, val loss 0.085, val accuracy 0.971, and val rmse 0.424
train loss 0.131, val loss 0.088, val accuracy 0.967, and val rmse 0.470
train loss 0.127, val loss 0.091, val accuracy 0.964, and val rmse 0.497
train loss 0.137, val loss 0.089, val accuracy 0.969, and val rmse 0.448
train loss 0.134, val loss 0.086, val accuracy 0.970, and val rmse 0.443
train loss 0.131, val loss 0.084, val accuracy 0.970, and val rmse 0.446
train loss 0.132, val loss 0.102, val accuracy 0.960, and val rmse 0.506
fold: 3
train loss 0.125, val loss 0.084, val accuracy 0.970, and val rmse 0.440
train loss 0.132, val loss 0.086, val accuracy 0.969, and val rmse 0.438
train loss 0.131, val loss 0.087, val accuracy 0.968, and val rmse 0.447
train loss 0.130, val loss 0.083, val accuracy 0.971, and val rmse 0.400
train loss 0.124, val loss 0.082, val accuracy 0.972, and val rmse 0.397
train loss 0.122, val loss 0.078, val accuracy 0.972, and val rmse 0.402
train loss 0.130, val loss 0.082, val accuracy 0.971, and val rmse 0.404
train loss 0.124, val loss 0.076, val accuracy 0.973, and val rmse 0.395
train loss 0.126, val loss 0.073, val accuracy 0.975, and val rmse 0.362
train loss 0.115, val loss 0.076, val accuracy 0.974, and val rmse 0.367
fold: 4
train loss 0.130, val loss 0.084, val accuracy 0.971, and val rmse 0.417
train loss 0.120, val loss 0.078, val accuracy 0.972, and val rmse 0.398
train loss 0.124, val loss 0.077, val accuracy 0.973, and val rmse 0.390
train loss 0.130, val loss 0.080, val accuracy 0.971, and val rmse 0.394
train loss 0.126, val loss 0.077, val accuracy 0.973, and val rmse 0.377
train loss 0.123, val loss 0.088, val accuracy 0.969, and val rmse 0.430
train loss 0.117, val loss 0.085, val accuracy 0.970, and val rmse 0.431
train loss 0.114, val loss 0.072, val accuracy 0.975, and val rmse 0.368
train loss 0.132, val loss 0.084, val accuracy 0.971, and val rmse 0.398
train loss 0.122, val loss 0.075, val accuracy 0.974, and val rmse 0.346
fold: 5
train loss 0.121, val loss 0.072, val accuracy 0.975, and val rmse 0.366
train loss 0.128, val loss 0.075, val accuracy 0.973, and val rmse 0.386
train loss 0.122, val loss 0.072, val accuracy 0.975, and val rmse 0.358
train loss 0.131, val loss 0.072, val accuracy 0.973, and val rmse 0.371
train loss 0.125, val loss 0.084, val accuracy 0.967, and val rmse 0.470
train loss 0.124, val loss 0.076, val accuracy 0.973, and val rmse 0.379
train loss 0.119, val loss 0.080, val accuracy 0.972, and val rmse 0.402
train loss 0.118, val loss 0.079, val accuracy 0.972, and val rmse 0.420
train loss 0.123, val loss 0.082, val accuracy 0.972, and val rmse 0.375
train loss 0.124, val loss 0.075, val accuracy 0.972, and val rmse 0.403
fold: 6
train loss 0.127, val loss 0.077, val accuracy 0.972, and val rmse 0.400
train loss 0.128, val loss 0.079, val accuracy 0.973, and val rmse 0.368
train loss 0.122, val loss 0.085, val accuracy 0.968, and val rmse 0.459
train loss 0.124, val loss 0.084, val accuracy 0.969, and val rmse 0.422
train loss 0.119, val loss 0.075, val accuracy 0.973, and val rmse 0.386
train loss 0.125, val loss 0.089, val accuracy 0.964, and val rmse 0.495
train loss 0.113, val loss 0.077, val accuracy 0.971, and val rmse 0.394
train loss 0.129, val loss 0.074, val accuracy 0.975, and val rmse 0.355
train loss 0.122, val loss 0.079, val accuracy 0.972, and val rmse 0.387
train loss 0.124, val loss 0.072, val accuracy 0.974, and val rmse 0.355
fold: 7
train loss 0.121, val loss 0.072, val accuracy 0.973, and val rmse 0.377
train loss 0.119, val loss 0.078, val accuracy 0.973, and val rmse 0.394